<?xml version="1.0" encoding="UTF-8"?>
<testng-results ignored="0" total="4" passed="4" failed="0" skipped="0">
  <reporter-output>
    <line>
      <![CDATA[main is executed]]>
    </line>
    <line>
      <![CDATA[main is executed]]>
    </line>
    <line>
      <![CDATA[uiTest is executed]]>
    </line>
    <line>
      <![CDATA[uiTest is executed]]>
    </line>
    <line>
      <![CDATA[functionalTest is executed]]>
    </line>
    <line>
      <![CDATA[functionalTest is executed]]>
    </line>
    <line>
      <![CDATA[createform is executed]]>
    </line>
    <line>
      <![CDATA[createform is executed]]>
    </line>
  </reporter-output>
  <suite started-at="2024-09-04T20:38:06 IST" name="Suite" finished-at="2024-09-04T20:38:44 IST" duration-ms="38087">
    <groups>
    </groups>
    <test started-at="2024-09-04T20:38:06 IST" name="Test" finished-at="2024-09-04T20:38:44 IST" duration-ms="38087">
      <class name="heliverse.FormValidationTest">
        <test-method signature="createform()[pri:0, instance:heliverse.FormValidationTest@2a693f59]" started-at="2024-09-04T20:38:37 IST" name="createform" finished-at="2024-09-04T20:38:44 IST" duration-ms="6870" status="PASS">
          <reporter-output>
            <line>
              <![CDATA[createform is executed]]>
            </line>
            <line>
              <![CDATA[createform is executed]]>
            </line>
          </reporter-output>
        </test-method> <!-- createform -->
      </class> <!-- heliverse.FormValidationTest -->
      <class name="heliverse.UiTest">
        <test-method is-config="true" signature="precondition()[pri:0, instance:heliverse.UiTest@548a24a]" started-at="2024-09-04T20:38:16 IST" name="precondition" finished-at="2024-09-04T20:38:21 IST" duration-ms="4934" status="PASS">
          <reporter-output>
          </reporter-output>
        </test-method> <!-- precondition -->
        <test-method is-config="true" signature="login()[pri:0, instance:heliverse.UiTest@548a24a]" started-at="2024-09-04T20:38:21 IST" name="login" finished-at="2024-09-04T20:38:23 IST" duration-ms="1951" status="PASS">
          <reporter-output>
          </reporter-output>
        </test-method> <!-- login -->
        <test-method signature="uiTest()[pri:0, instance:heliverse.UiTest@548a24a]" started-at="2024-09-04T20:38:23 IST" name="uiTest" finished-at="2024-09-04T20:38:23 IST" duration-ms="128" status="PASS">
          <reporter-output>
            <line>
              <![CDATA[uiTest is executed]]>
            </line>
            <line>
              <![CDATA[uiTest is executed]]>
            </line>
          </reporter-output>
        </test-method> <!-- uiTest -->
        <test-method is-config="true" signature="logout()[pri:0, instance:heliverse.UiTest@548a24a]" started-at="2024-09-04T20:38:23 IST" name="logout" finished-at="2024-09-04T20:38:24 IST" duration-ms="961" status="PASS">
          <reporter-output>
          </reporter-output>
        </test-method> <!-- logout -->
        <test-method is-config="true" signature="postCondition()[pri:0, instance:heliverse.UiTest@548a24a]" started-at="2024-09-04T20:38:24 IST" name="postCondition" finished-at="2024-09-04T20:38:25 IST" duration-ms="283" status="PASS">
          <reporter-output>
          </reporter-output>
        </test-method> <!-- postCondition -->
      </class> <!-- heliverse.UiTest -->
      <class name="heliverse.FunctionalTest">
        <test-method is-config="true" signature="precondition()[pri:0, instance:heliverse.FunctionalTest@433defed]" started-at="2024-09-04T20:38:25 IST" name="precondition" finished-at="2024-09-04T20:38:29 IST" duration-ms="4427" status="PASS">
          <reporter-output>
          </reporter-output>
        </test-method> <!-- precondition -->
        <test-method is-config="true" signature="login()[pri:0, instance:heliverse.FunctionalTest@433defed]" started-at="2024-09-04T20:38:29 IST" name="login" finished-at="2024-09-04T20:38:31 IST" duration-ms="1947" status="PASS">
          <reporter-output>
          </reporter-output>
        </test-method> <!-- login -->
        <test-method signature="functionalTest()[pri:0, instance:heliverse.FunctionalTest@433defed]" started-at="2024-09-04T20:38:31 IST" name="functionalTest" finished-at="2024-09-04T20:38:36 IST" duration-ms="4873" status="PASS">
          <reporter-output>
            <line>
              <![CDATA[functionalTest is executed]]>
            </line>
            <line>
              <![CDATA[functionalTest is executed]]>
            </line>
          </reporter-output>
        </test-method> <!-- functionalTest -->
        <test-method is-config="true" signature="logout()[pri:0, instance:heliverse.FunctionalTest@433defed]" started-at="2024-09-04T20:38:36 IST" name="logout" finished-at="2024-09-04T20:38:37 IST" duration-ms="1025" status="PASS">
          <reporter-output>
          </reporter-output>
        </test-method> <!-- logout -->
        <test-method is-config="true" signature="postCondition()[pri:0, instance:heliverse.FunctionalTest@433defed]" started-at="2024-09-04T20:38:37 IST" name="postCondition" finished-at="2024-09-04T20:38:37 IST" duration-ms="242" status="PASS">
          <reporter-output>
          </reporter-output>
        </test-method> <!-- postCondition -->
      </class> <!-- heliverse.FunctionalTest -->
      <class name="heliverse.DwsLogin">
        <test-method signature="main()[pri:0, instance:heliverse.DwsLogin@5afa3c9]" started-at="2024-09-04T20:38:06 IST" name="main" finished-at="2024-09-04T20:38:16 IST" duration-ms="10101" status="PASS">
          <reporter-output>
            <line>
              <![CDATA[main is executed]]>
            </line>
            <line>
              <![CDATA[main is executed]]>
            </line>
          </reporter-output>
        </test-method> <!-- main -->
      </class> <!-- heliverse.DwsLogin -->
    </test> <!-- Test -->
  </suite> <!-- Suite -->
</testng-results>
