<?xml version="1.0" encoding="UTF-8"?>
<!-- Generated by org.testng.reporters.JUnitXMLReporter -->
<testsuite ignored="0" hostname="LAPTOP-4JBHQT14" failures="0" tests="4" name="Test" time="38.087" errors="0" timestamp="2024-09-04T20:38:44 IST">
  <testcase classname="heliverse.DwsLogin" name="main" time="10.101"/>
  <testcase classname="heliverse.UiTest" name="uiTest" time="0.128"/>
  <testcase classname="heliverse.FunctionalTest" name="functionalTest" time="4.873"/>
  <testcase classname="heliverse.FormValidationTest" name="createform" time="6.87"/>
</testsuite> <!-- Test -->
